Build started 3/7/2014 1:47:05 PM.
     1>Project "C:\Users\Jonathan\Documents\Visual Studio 2013\Projects\island\island\island.vcxproj" on node 2 (Build target(s)).
     1>ClCompile:
         C:\Program Files (x86)\Microsoft Visual Studio 12.0\VC\bin\CL.exe /c /ZI /nologo /W3 /WX- /Od /Oy- /D _MBCS /Gm /EHsc /RTC1 /MDd /GS /fp:precise /Zc:wchar_t /Zc:forScope /Fo"Debug\\" /Fd"Debug\vc120.pdb" /Gd /TP /analyze- /errorReport:prompt Game.cpp
         Game.cpp
     1>c:\users\jonathan\documents\visual studio 2013\projects\island\island\game.cpp(379): warning C4554: '&' : check operator precedence for possible error; use parentheses to clarify precedence
     1>c:\users\jonathan\documents\visual studio 2013\projects\island\island\game.cpp(540): warning C4018: '<' : signed/unsigned mismatch
     1>c:\users\jonathan\documents\visual studio 2013\projects\island\island\game.cpp(581): warning C4258: 'i' : definition from the for loop is ignored; the definition from the enclosing scope is used
                 c:\users\jonathan\documents\visual studio 2013\projects\island\island\game.cpp(542) : definition of 'i' ignored
                 c:\users\jonathan\documents\visual studio 2013\projects\island\island\game.cpp(540) : definition of 'i' used
     1>c:\users\jonathan\documents\visual studio 2013\projects\island\island\game.cpp(582): warning C4258: 'i' : definition from the for loop is ignored; the definition from the enclosing scope is used
                 c:\users\jonathan\documents\visual studio 2013\projects\island\island\game.cpp(542) : definition of 'i' ignored
                 c:\users\jonathan\documents\visual studio 2013\projects\island\island\game.cpp(540) : definition of 'i' used
     1>c:\users\jonathan\documents\visual studio 2013\projects\island\island\game.cpp(583): warning C4258: 'i' : definition from the for loop is ignored; the definition from the enclosing scope is used
                 c:\users\jonathan\documents\visual studio 2013\projects\island\island\game.cpp(542) : definition of 'i' ignored
                 c:\users\jonathan\documents\visual studio 2013\projects\island\island\game.cpp(540) : definition of 'i' used
       Link:
         C:\Program Files (x86)\Microsoft Visual Studio 12.0\VC\bin\link.exe /ERRORREPORT:PROMPT /OUT:"C:\Users\Jonathan\Documents\Visual Studio 2013\Projects\island\Debug\island.exe" /INCREMENTAL /NOLOGO SDL2.lib SDL2main.lib SDL2_image.lib kernel32.lib user32.lib gdi32.lib winspool.lib comdlg32.lib advapi32.lib shell32.lib ole32.lib oleaut32.lib uuid.lib odbc32.lib odbccp32.lib /MANIFEST /MANIFESTUAC:"level='asInvoker' uiAccess='false'" /manifest:embed /DEBUG /PDB:"C:\Users\Jonathan\Documents\Visual Studio 2013\Projects\island\Debug\island.pdb" /SUBSYSTEM:CONSOLE /TLBID:1 /DYNAMICBASE /NXCOMPAT /IMPLIB:"C:\Users\Jonathan\Documents\Visual Studio 2013\Projects\island\Debug\island.lib" /MACHINE:X86 Debug\Game.obj
         Debug\Main.obj
         Debug\Map.obj
         Debug\Sprite.obj
         Debug\Texture.obj
         Debug\Tile.obj
         Debug\Velocity.obj
         island.vcxproj -> C:\Users\Jonathan\Documents\Visual Studio 2013\Projects\island\Debug\island.exe
     1>Done Building Project "C:\Users\Jonathan\Documents\Visual Studio 2013\Projects\island\island\island.vcxproj" (Build target(s)).

Build succeeded.

Time Elapsed 00:00:03.79
